#
# A fatal error has been detected by the Java Runtime Environment:
#
#  EXCEPTION_ACCESS_VIOLATION (0xc0000005) at pc=0x00007ffb50ce7547, pid=4144, tid=11752
#
# JRE version: Java(TM) SE Runtime Environment 18.9 (11.0.13+10) (build 11.0.13+10-LTS-370)
# Java VM: Java HotSpot(TM) 64-Bit Server VM 18.9 (11.0.13+10-LTS-370, mixed mode, tiered, compressed oops, g1 gc, windows-amd64)
# Problematic frame:
# V  [jvm.dll+0x337547]
#
# No core dump will be written. Minidumps are not enabled by default on client versions of Windows
#
# If you would like to submit a bug report, please visit:
#   https://bugreport.java.com/bugreport/crash.jsp
#

---------------  S U M M A R Y ------------

Command Line: --add-opens=java.base/java.util=ALL-UNNAMED --add-opens=java.base/java.lang=ALL-UNNAMED --add-opens=java.base/java.lang.invoke=ALL-UNNAMED --add-opens=java.base/java.util=ALL-UNNAMED --add-opens=java.prefs/java.util.prefs=ALL-UNNAMED --add-opens=java.prefs/java.util.prefs=ALL-UNNAMED --add-opens=java.base/java.nio.charset=ALL-UNNAMED --add-opens=java.base/java.net=ALL-UNNAMED --add-opens=java.base/java.util.concurrent.atomic=ALL-UNNAMED -Xmx2048m -Dfile.encoding=UTF-8 -Duser.country=US -Duser.language=en -Duser.variant org.gradle.launcher.daemon.bootstrap.GradleDaemon 7.2

Host: Intel(R) Core(TM) i5-7200U CPU @ 2.50GHz, 4 cores, 7G,  Windows 10 , 64 bit Build 19041 (10.0.19041.1566)
Time: Wed Apr  6 04:22:34 2022 Egypt Standard Time elapsed time: 488.644445 seconds (0d 0h 8m 8s)

---------------  T H R E A D  ---------------

Current thread (0x00000207b8292000):  GCTaskThread "GC Thread#1" [stack: 0x0000007fd9000000,0x0000007fd9100000] [id=11752]

Stack: [0x0000007fd9000000,0x0000007fd9100000],  sp=0x0000007fd90ff300,  free space=1020k
Native frames: (J=compiled Java code, j=interpreted, Vv=VM code, C=native code)
V  [jvm.dll+0x337547]
V  [jvm.dll+0x2fe1a6]
V  [jvm.dll+0x300091]
V  [jvm.dll+0x2fef3c]
V  [jvm.dll+0x2d4faf]
V  [jvm.dll+0x2ff362]
V  [jvm.dll+0x2d3969]
V  [jvm.dll+0x791c30]
V  [jvm.dll+0x720a54]
V  [jvm.dll+0x627606]
C  [ucrtbase.dll+0x21bb2]
C  [KERNEL32.DLL+0x17034]
C  [ntdll.dll+0x52651]


siginfo: EXCEPTION_ACCESS_VIOLATION (0xc0000005), reading address 0xfffff207b023c3ce


Register to memory mapping:

RIP=0x00007ffb50ce7547 jvm.dll
RAX=0x00000207995831c0 points into unknown readable memory: 0x0000000080000000 | 00 00 00 80 00 00 00 00
RBX=0xffe0000087879c00 is an unknown value
RCX=0x00000207b0200000 points into unknown readable memory: 0x4040404040404000 | 00 40 40 40 40 40 40 40
RDX=0x0000100000000000 is an unknown value
RSP=0x0000007fd90ff300 points into unknown readable memory: 0x0000000087879ba8 | a8 9b 87 87 00 00 00 00
RBP=0x0000000000000045 is an unknown value
RSI=
[error occurred during error reporting (printing register info), id 0xc0000005, EXCEPTION_ACCESS_VIOLATION (0xc0000005) at pc=0x00007ffb50ce7547]

Registers:
RAX=0x00000207995831c0, RBX=0xffe0000087879c00, RCX=0x00000207b0200000, RDX=0x0000100000000000
RSP=0x0000007fd90ff300, RBP=0x0000000000000045, RSI=0x0000000087879c00, RDI=0x000002079963baa8
R8 =0xfffff0000003c3ce, R9 =0x0000000000000000, R10=0x0000000000000020, R11=0x00000207c15f5380
R12=0x0000007fd90ff5b0, R13=0x0000007fd90ff3d0, R14=0x000002079963ba50, R15=0x0000000087879e00
RIP=0x00007ffb50ce7547, EFLAGS=0x0000000000010286

Top of Stack: (sp=0x0000007fd90ff300)
0x0000007fd90ff300:   0000000087879ba8 0000007fd90ff3d0
0x0000007fd90ff310:   0000000087879c00 0000000000000000
0x0000007fd90ff320:   0000000000000040 00007ffb50cae1a6
0x0000007fd90ff330:   0000007fd90ff610 0000020799586810
0x0000007fd90ff340:   0000007fd90ff5b0 00007ffb50cb0216
0x0000007fd90ff350:   00000207a2fdb490 00000207a2fdb490
0x0000007fd90ff360:   0000000087879a00 00007ffb50ceaddc
0x0000007fd90ff370:   0000000000000078 0000000000000040
0x0000007fd90ff380:   000002079958e3f0 0000000000000040
0x0000007fd90ff390:   0000000000000040 0000000087879c00
0x0000007fd90ff3a0:   0000000000000045 00007ffb50cb0091
0x0000007fd90ff3b0:   0000000087879c00 0000007fd90ff610
0x0000007fd90ff3c0:   00000207a2fdc000 00000207995b68f8
0x0000007fd90ff3d0:   0000000087879c00 0000000000000040
0x0000007fd90ff3e0:   0000020799634240 00000207996342e8
0x0000007fd90ff3f0:   00000207995831c0 0000020799586810 

Instructions: (pc=0x00007ffb50ce7547)
0x00007ffb50ce7527:   ba 01 00 00 00 48 d3 e2 4c 2b c2 48 8b c2 48 f7
0x00007ffb50ce7537:   d8 48 c1 e0 09 48 03 d8 48 8b 47 10 48 8b 48 10
0x00007ffb50ce7547:   41 0f b6 04 08 83 f8 40 73 cf 48 c1 e0 03 48 2b
0x00007ffb50ce7557:   d8 80 3d c2 b4 70 00 00 74 19 8b 43 08 85 c0 74 


Stack slot to memory mapping:
stack at sp + 0 slots: 0x0000000087879ba8 is pointing into object: [Ljava.lang.Object; 
{0x0000000087879b28} - klass: 'java/lang/Object'[]
 - length: 65
stack at sp + 1 slots: 0x0000007fd90ff3d0 points into unknown readable memory: 0x0000000087879c00 | 00 9c 87 87 00 00 00 00
stack at sp + 2 slots: 
[error occurred during error reporting (inspecting top of stack), id 0xc0000005, EXCEPTION_ACCESS_VIOLATION (0xc0000005) at pc=0x00007ffb50ce7547]


---------------  P R O C E S S  ---------------

Threads class SMR info:
_java_thread_list=0x00000207c1e63e20, length=81, elements={
0x0000020799577000, 0x00000207b7447800, 0x00000207b7449000, 0x00000207b745e800,
0x00000207b745f000, 0x00000207b7460000, 0x00000207b7465000, 0x00000207b746a800,
0x00000207b749e000, 0x00000207b7f26000, 0x00000207b95b9800, 0x00000207b92e7800,
0x00000207b9f87800, 0x00000207b8d11000, 0x00000207b8d12000, 0x00000207b8d0c800,
0x00000207b8d0e000, 0x00000207b8d0f800, 0x00000207ba906800, 0x00000207ba909000,
0x00000207ba904800, 0x00000207ba903000, 0x00000207ba90f800, 0x00000207bc4f6800,
0x00000207bc4f7800, 0x00000207ba357000, 0x00000207bee52000, 0x00000207bee50800,
0x00000207bee53000, 0x00000207bee51800, 0x00000207bee4e000, 0x00000207bee53800,
0x00000207bee54800, 0x00000207bee4f000, 0x00000207bee55800, 0x00000207bee4f800,
0x00000207bee5c000, 0x00000207bee58000, 0x00000207b8ea3800, 0x00000207bee56000,
0x00000207bee5c800, 0x00000207bee57000, 0x00000207bee58800, 0x00000207bee5a800,
0x00000207bee59800, 0x00000207bee5b000, 0x00000207ba350000, 0x00000207ba351800,
0x00000207ba352800, 0x00000207ba354000, 0x00000207ba34e800, 0x00000207ba350800,
0x00000207ba355000, 0x00000207ba34f000, 0x00000207ba35b800, 0x00000207ba35a800,
0x00000207ba358000, 0x00000207ba356800, 0x00000207ba359000, 0x00000207ba359800,
0x00000207ba355800, 0x00000207ba35c000, 0x00000207bc4ee800, 0x00000207bc4ef800,
0x00000207bc4f0000, 0x00000207bc4ea800, 0x00000207bc4eb000, 0x00000207bc4f1000,
0x00000207bc4f1800, 0x00000207bc4ec000, 0x00000207bc4ed000, 0x00000207bc4f2800,
0x00000207bc4f3800, 0x00000207bc4ed800, 0x00000207bc4f8000, 0x00000207bc4f4000,
0x00000207bc4f5000, 0x00000207bc4f6000, 0x00000207ba909800, 0x00000207ba908000,
0x00000207ba90a800
}

Java Threads: ( => current thread )
  0x0000020799577000 JavaThread "main" [_thread_blocked, id=492, stack(0x0000007fd7e00000,0x0000007fd7f00000)]
  0x00000207b7447800 JavaThread "Reference Handler" daemon [_thread_blocked, id=3264, stack(0x0000007fd8500000,0x0000007fd8600000)]
  0x00000207b7449000 JavaThread "Finalizer" daemon [_thread_blocked, id=360, stack(0x0000007fd8600000,0x0000007fd8700000)]
  0x00000207b745e800 JavaThread "Signal Dispatcher" daemon [_thread_blocked, id=6460, stack(0x0000007fd8700000,0x0000007fd8800000)]
  0x00000207b745f000 JavaThread "Attach Listener" daemon [_thread_blocked, id=436, stack(0x0000007fd8800000,0x0000007fd8900000)]
  0x00000207b7460000 JavaThread "Service Thread" daemon [_thread_blocked, id=2460, stack(0x0000007fd8900000,0x0000007fd8a00000)]
  0x00000207b7465000 JavaThread "C2 CompilerThread0" daemon [_thread_blocked, id=4896, stack(0x0000007fd8a00000,0x0000007fd8b00000)]
  0x00000207b746a800 JavaThread "C1 CompilerThread0" daemon [_thread_blocked, id=6484, stack(0x0000007fd8b00000,0x0000007fd8c00000)]
  0x00000207b749e000 JavaThread "Sweeper thread" daemon [_thread_blocked, id=4076, stack(0x0000007fd8c00000,0x0000007fd8d00000)]
  0x00000207b7f26000 JavaThread "Common-Cleaner" daemon [_thread_blocked, id=6324, stack(0x0000007fd8d00000,0x0000007fd8e00000)]
  0x00000207b95b9800 JavaThread "Daemon health stats" [_thread_blocked, id=6296, stack(0x0000007fd8f00000,0x0000007fd9000000)]
  0x00000207b92e7800 JavaThread "Incoming local TCP Connector on port 61137" [_thread_in_native, id=7736, stack(0x0000007fd9200000,0x0000007fd9300000)]
  0x00000207b9f87800 JavaThread "Daemon periodic checks" [_thread_blocked, id=4792, stack(0x0000007fd9300000,0x0000007fd9400000)]
  0x00000207b8d11000 JavaThread "Cache worker for journal cache (C:\Users\noura\.gradle\caches\journal-1)" [_thread_blocked, id=10000, stack(0x0000007fd9b00000,0x0000007fd9c00000)]
  0x00000207b8d12000 JavaThread "File lock request listener" [_thread_in_native, id=11736, stack(0x0000007fd9d00000,0x0000007fd9e00000)]
  0x00000207b8d0c800 JavaThread "Cache worker for file hash cache (C:\Users\noura\.gradle\caches\7.2\fileHashes)" [_thread_blocked, id=2172, stack(0x0000007fd9e00000,0x0000007fd9f00000)]
  0x00000207b8d0e000 JavaThread "File watcher server" daemon [_thread_blocked, id=10776, stack(0x0000007fda100000,0x0000007fda200000)]
  0x00000207b8d0f800 JavaThread "File watcher consumer" daemon [_thread_blocked, id=1424, stack(0x0000007fda200000,0x0000007fda300000)]
  0x00000207ba906800 JavaThread "Cache worker for execution history cache (C:\Users\noura\.gradle\caches\7.2\executionHistory)" [_thread_blocked, id=11064, stack(0x0000007fda600000,0x0000007fda700000)]
  0x00000207ba909000 JavaThread "jar transforms" [_thread_blocked, id=9592, stack(0x0000007fda700000,0x0000007fda800000)]
  0x00000207ba904800 JavaThread "Cache worker for file content cache (C:\Users\noura\.gradle\caches\7.2\fileContent)" [_thread_blocked, id=10844, stack(0x0000007fda800000,0x0000007fda900000)]
  0x00000207ba903000 JavaThread "jar transforms Thread 2" [_thread_blocked, id=12136, stack(0x0000007fda900000,0x0000007fdaa00000)]
  0x00000207ba90f800 JavaThread "jar transforms Thread 3" [_thread_blocked, id=8624, stack(0x0000007fdaa00000,0x0000007fdab00000)]
  0x00000207bc4f6800 JavaThread "jar transforms Thread 4" [_thread_blocked, id=4244, stack(0x0000007fdd600000,0x0000007fdd700000)]
  0x00000207bc4f7800 JavaThread "Memory manager" [_thread_blocked, id=3116, stack(0x0000007fdd700000,0x0000007fdd800000)]
  0x00000207ba357000 JavaThread "Cache worker for Java compile cache (C:\Users\noura\.gradle\caches\7.2\javaCompile)" [_thread_blocked, id=11996, stack(0x0000007fde200000,0x0000007fde300000)]
  0x00000207bee52000 JavaThread "ForkJoinPool.commonPool-worker-7" daemon [_thread_blocked, id=11880, stack(0x0000007fde700000,0x0000007fde800000)]
  0x00000207bee50800 JavaThread "Daemon Thread 2" [_thread_blocked, id=3440, stack(0x0000007fd7b00000,0x0000007fd7c00000)]
  0x00000207bee53000 JavaThread "Handler for socket connection from /127.0.0.1:61137 to /127.0.0.1:61215" [_thread_in_native, id=5476, stack(0x0000007fd7c00000,0x0000007fd7d00000)]
  0x00000207bee51800 JavaThread "Cancel handler" [_thread_blocked, id=11492, stack(0x0000007fd7d00000,0x0000007fd7e00000)]
  0x00000207bee4e000 JavaThread "Daemon worker Thread 2" [_thread_blocked, id=7404, stack(0x0000007fd9400000,0x0000007fd9500000)]
  0x00000207bee53800 JavaThread "Asynchronous log dispatcher for DefaultDaemonConnection: socket connection from /127.0.0.1:61137 to /127.0.0.1:61215" [_thread_blocked, id=6192, stack(0x0000007fd9500000,0x0000007fd9600000)]
  0x00000207bee54800 JavaThread "Stdin handler" [_thread_blocked, id=11128, stack(0x0000007fd9600000,0x0000007fd9700000)]
  0x00000207bee4f000 JavaThread "Daemon client event forwarder" [_thread_blocked, id=12016, stack(0x0000007fd9700000,0x0000007fd9800000)]
  0x00000207bee55800 JavaThread "Cache worker for file hash cache (D:\Lectures\cs\ITI Matrial\FCD\work\work 1\Aawnbkp\AawnApp\.gradle\7.2\fileHashes)" [_thread_blocked, id=7428, stack(0x0000007fd9800000,0x0000007fd9900000)]
  0x00000207bee4f800 JavaThread "Cache worker for checksums cache (D:\Lectures\cs\ITI Matrial\FCD\work\work 1\Aawnbkp\AawnApp\.gradle\checksums)" [_thread_blocked, id=11680, stack(0x0000007fd9900000,0x0000007fd9a00000)]
  0x00000207bee5c000 JavaThread "Cache worker for cache directory md-supplier (C:\Users\noura\.gradle\caches\7.2\md-supplier)" [_thread_blocked, id=3788, stack(0x0000007fd9a00000,0x0000007fd9b00000)]
  0x00000207bee58000 JavaThread "Cache worker for cache directory md-rule (C:\Users\noura\.gradle\caches\7.2\md-rule)" [_thread_blocked, id=3152, stack(0x0000007fd9f00000,0x0000007fda000000)]
  0x00000207b8ea3800 JavaThread "C2 CompilerThread1" daemon [_thread_blocked, id=1496, stack(0x0000007fda000000,0x0000007fda100000)]
  0x00000207bee56000 JavaThread "Cache worker for dependencies-accessors (D:\Lectures\cs\ITI Matrial\FCD\work\work 1\Aawnbkp\AawnApp\.gradle\7.2\dependencies-accessors)" [_thread_blocked, id=9968, stack(0x0000007fda300000,0x0000007fda400000)]
  0x00000207bee5c800 JavaThread "Cache worker for Build Output Cleanup Cache (D:\Lectures\cs\ITI Matrial\FCD\work\work 1\Aawnbkp\AawnApp\.gradle\buildOutputCleanup)" [_thread_blocked, id=1436, stack(0x0000007fda400000,0x0000007fda500000)]
  0x00000207bee57000 JavaThread "Unconstrained build operations" [_thread_blocked, id=6948, stack(0x0000007fda500000,0x0000007fda600000)]
  0x00000207bee58800 JavaThread "Unconstrained build operations Thread 2" [_thread_blocked, id=11032, stack(0x0000007fdab00000,0x0000007fdac00000)]
  0x00000207bee5a800 JavaThread "Unconstrained build operations Thread 3" [_thread_blocked, id=6516, stack(0x0000007fdac00000,0x0000007fdad00000)]
  0x00000207bee59800 JavaThread "Unconstrained build operations Thread 4" [_thread_blocked, id=11444, stack(0x0000007fdad00000,0x0000007fdae00000)]
  0x00000207bee5b000 JavaThread "Unconstrained build operations Thread 5" [_thread_blocked, id=1556, stack(0x0000007fdae00000,0x0000007fdaf00000)]
  0x00000207ba350000 JavaThread "Unconstrained build operations Thread 6" [_thread_blocked, id=2764, stack(0x0000007fdaf00000,0x0000007fdb000000)]
  0x00000207ba351800 JavaThread "Unconstrained build operations Thread 7" [_thread_blocked, id=6736, stack(0x0000007fdb000000,0x0000007fdb100000)]
  0x00000207ba352800 JavaThread "Unconstrained build operations Thread 8" [_thread_blocked, id=8876, stack(0x0000007fdb100000,0x0000007fdb200000)]
  0x00000207ba354000 JavaThread "Unconstrained build operations Thread 9" [_thread_blocked, id=908, stack(0x0000007fdb200000,0x0000007fdb300000)]
  0x00000207ba34e800 JavaThread "Unconstrained build operations Thread 10" [_thread_blocked, id=3632, stack(0x0000007fdb300000,0x0000007fdb400000)]
  0x00000207ba350800 JavaThread "Unconstrained build operations Thread 11" [_thread_blocked, id=2276, stack(0x0000007fdb400000,0x0000007fdb500000)]
  0x00000207ba355000 JavaThread "Unconstrained build operations Thread 12" [_thread_blocked, id=9896, stack(0x0000007fdb500000,0x0000007fdb600000)]
  0x00000207ba34f000 JavaThread "Unconstrained build operations Thread 13" [_thread_blocked, id=4136, stack(0x0000007fdb600000,0x0000007fdb700000)]
  0x00000207ba35b800 JavaThread "Unconstrained build operations Thread 14" [_thread_blocked, id=11296, stack(0x0000007fdb700000,0x0000007fdb800000)]
  0x00000207ba35a800 JavaThread "Unconstrained build operations Thread 15" [_thread_blocked, id=736, stack(0x0000007fdb800000,0x0000007fdb900000)]
  0x00000207ba358000 JavaThread "Unconstrained build operations Thread 16" [_thread_blocked, id=9328, stack(0x0000007fdb900000,0x0000007fdba00000)]
  0x00000207ba356800 JavaThread "Unconstrained build operations Thread 17" [_thread_blocked, id=3376, stack(0x0000007fdba00000,0x0000007fdbb00000)]
  0x00000207ba359000 JavaThread "Unconstrained build operations Thread 18" [_thread_blocked, id=9640, stack(0x0000007fdbb00000,0x0000007fdbc00000)]
  0x00000207ba359800 JavaThread "Unconstrained build operations Thread 19" [_thread_blocked, id=6832, stack(0x0000007fdbc00000,0x0000007fdbd00000)]
  0x00000207ba355800 JavaThread "Unconstrained build operations Thread 20" [_thread_blocked, id=8172, stack(0x0000007fdbd00000,0x0000007fdbe00000)]
  0x00000207ba35c000 JavaThread "Unconstrained build operations Thread 21" [_thread_blocked, id=10788, stack(0x0000007fdbe00000,0x0000007fdbf00000)]
  0x00000207bc4ee800 JavaThread "Unconstrained build operations Thread 22" [_thread_blocked, id=7384, stack(0x0000007fdbf00000,0x0000007fdc000000)]
  0x00000207bc4ef800 JavaThread "Unconstrained build operations Thread 23" [_thread_blocked, id=3820, stack(0x0000007fdc000000,0x0000007fdc100000)]
  0x00000207bc4f0000 JavaThread "Unconstrained build operations Thread 24" [_thread_blocked, id=7776, stack(0x0000007fdc100000,0x0000007fdc200000)]
  0x00000207bc4ea800 JavaThread "Unconstrained build operations Thread 25" [_thread_blocked, id=4668, stack(0x0000007fdc200000,0x0000007fdc300000)]
  0x00000207bc4eb000 JavaThread "Unconstrained build operations Thread 26" [_thread_blocked, id=4684, stack(0x0000007fdc300000,0x0000007fdc400000)]
  0x00000207bc4f1000 JavaThread "Unconstrained build operations Thread 27" [_thread_blocked, id=9544, stack(0x0000007fdc400000,0x0000007fdc500000)]
  0x00000207bc4f1800 JavaThread "Unconstrained build operations Thread 28" [_thread_blocked, id=9724, stack(0x0000007fdc500000,0x0000007fdc600000)]
  0x00000207bc4ec000 JavaThread "Unconstrained build operations Thread 29" [_thread_blocked, id=10364, stack(0x0000007fdc600000,0x0000007fdc700000)]
  0x00000207bc4ed000 JavaThread "Unconstrained build operations Thread 30" [_thread_blocked, id=10752, stack(0x0000007fdc700000,0x0000007fdc800000)]
  0x00000207bc4f2800 JavaThread "Unconstrained build operations Thread 31" [_thread_blocked, id=10852, stack(0x0000007fdc800000,0x0000007fdc900000)]
  0x00000207bc4f3800 JavaThread "Unconstrained build operations Thread 32" [_thread_blocked, id=4624, stack(0x0000007fdc900000,0x0000007fdca00000)]
  0x00000207bc4ed800 JavaThread "Unconstrained build operations Thread 33" [_thread_blocked, id=4020, stack(0x0000007fdca00000,0x0000007fdcb00000)]
  0x00000207bc4f8000 JavaThread "Unconstrained build operations Thread 34" [_thread_blocked, id=11292, stack(0x0000007fdcb00000,0x0000007fdcc00000)]
  0x00000207bc4f4000 JavaThread "Unconstrained build operations Thread 35" [_thread_blocked, id=1940, stack(0x0000007fdcc00000,0x0000007fdcd00000)]
  0x00000207bc4f5000 JavaThread "Unconstrained build operations Thread 36" [_thread_blocked, id=6564, stack(0x0000007fdcd00000,0x0000007fdce00000)]
  0x00000207bc4f6000 JavaThread "Unconstrained build operations Thread 37" [_thread_blocked, id=10464, stack(0x0000007fdce00000,0x0000007fdcf00000)]
  0x00000207ba909800 JavaThread "Unconstrained build operations Thread 38" [_thread_blocked, id=11932, stack(0x0000007fdcf00000,0x0000007fdd000000)]
  0x00000207ba908000 JavaThread "Unconstrained build operations Thread 39" [_thread_blocked, id=9344, stack(0x0000007fdd000000,0x0000007fdd100000)]
  0x00000207ba90a800 JavaThread "Unconstrained build operations Thread 40" [_thread_blocked, id=4312, stack(0x0000007fdd100000,0x0000007fdd200000)]

Other Threads:
  0x00000207b7443000 VMThread "VM Thread" [stack: 0x0000007fd8400000,0x0000007fd8500000] [id=400]
  0x00000207b7f66000 WatcherThread [stack: 0x0000007fd8e00000,0x0000007fd8f00000] [id=4040]
  0x0000020799590000 GCTaskThread "GC Thread#0" [stack: 0x0000007fd7f00000,0x0000007fd8000000] [id=32]
=>0x00000207b8292000 GCTaskThread "GC Thread#1" [stack: 0x0000007fd9000000,0x0000007fd9100000] [id=11752]
  0x00000207b819e000 GCTaskThread "GC Thread#2" [stack: 0x0000007fd9100000,0x0000007fd9200000] [id=3392]
  0x00000207b9be9000 GCTaskThread "GC Thread#3" [stack: 0x0000007fd9c00000,0x0000007fd9d00000] [id=1364]
  0x00000207995c0800 ConcurrentGCThread "G1 Main Marker" [stack: 0x0000007fd8000000,0x0000007fd8100000] [id=1084]
  0x00000207995c2000 ConcurrentGCThread "G1 Conc#0" [stack: 0x0000007fd8100000,0x0000007fd8200000] [id=3564]
  0x0000020799650000 ConcurrentGCThread "G1 Refine#0" [stack: 0x0000007fd8200000,0x0000007fd8300000] [id=60]
  0x0000020799651000 ConcurrentGCThread "G1 Young RemSet Sampling" [stack: 0x0000007fd8300000,0x0000007fd8400000] [id=1664]

Threads with active compile tasks:
C1 CompilerThread0 488732 19250       3       org.gradle.api.internal.artifacts.ivyservice.resolveengine.artifact.ArtifactBackedResolvedVariant$DownloadArtifactFile::description (50 bytes)
C2 CompilerThread1 488733 18982   !   4       org.gradle.internal.service.DefaultServiceRegistry$ManagedObjectServiceProvider::getInstance (47 bytes)

VM state:at safepoint (normal execution)

VM Mutex/Monitor currently owned by a thread:  ([mutex/lock_event])
[0x0000020799575c60] Threads_lock - owner thread: 0x00000207b7443000
[0x0000020799574040] Heap_lock - owner thread: 0x00000207b8d11000

Heap address: 0x0000000080000000, size: 2048 MB, Compressed Oops mode: 32-bit
Narrow klass base: 0x0000000000000000, Narrow klass shift: 3
Compressed class space size: 1073741824 Address: 0x0000000100000000

Heap:
 garbage-first heap   total 189440K, used 130054K [0x0000000080000000, 0x0000000100000000)
  region size 1024K, 7 young (7168K), 1 survivors (1024K)
 Metaspace       used 116373K, capacity 119337K, committed 119936K, reserved 1153024K
  class space    used 14814K, capacity 16019K, committed 16332K, reserved 1048576K
Heap Regions: E=young(eden), S=young(survivor), O=old, HS=humongous(starts), HC=humongous(continues), CS=collection set, F=free, A=archive, TAMS=top-at-mark-start (previous, next)
|   0|0x0000000080000000, 0x0000000080100000, 0x0000000080100000|100%| O|  |TAMS 0x0000000080100000, 0x0000000080000000| Complete 
|   1|0x0000000080100000, 0x0000000080200000, 0x0000000080200000|100%| O|  |TAMS 0x0000000080200000, 0x0000000080100000| Complete 
|   2|0x0000000080200000, 0x0000000080300000, 0x0000000080300000|100%| O|  |TAMS 0x0000000080300000, 0x0000000080200000| Untracked 
|   3|0x0000000080300000, 0x0000000080400000, 0x0000000080400000|100%|HS|  |TAMS 0x0000000080400000, 0x0000000080300000| Complete 
|   4|0x0000000080400000, 0x0000000080500000, 0x0000000080500000|100%|HC|  |TAMS 0x0000000080500000, 0x0000000080400000| Complete 
|   5|0x0000000080500000, 0x0000000080600000, 0x0000000080600000|100%|HC|  |TAMS 0x0000000080600000, 0x0000000080500000| Complete 
|   6|0x0000000080600000, 0x0000000080700000, 0x0000000080700000|100%| O|  |TAMS 0x0000000080700000, 0x0000000080600000| Untracked 
|   7|0x0000000080700000, 0x0000000080800000, 0x0000000080800000|100%| O|  |TAMS 0x0000000080800000, 0x0000000080700000| Untracked 
|   8|0x0000000080800000, 0x0000000080900000, 0x0000000080900000|100%| O|  |TAMS 0x0000000080900000, 0x0000000080800000| Untracked 
|   9|0x0000000080900000, 0x0000000080a00000, 0x0000000080a00000|100%| O|  |TAMS 0x0000000080a00000, 0x0000000080900000| Complete 
|  10|0x0000000080a00000, 0x0000000080b00000, 0x0000000080b00000|100%| O|  |TAMS 0x0000000080b00000, 0x0000000080a00000| Untracked 
|  11|0x0000000080b00000, 0x0000000080c00000, 0x0000000080c00000|100%| O|  |TAMS 0x0000000080c00000, 0x0000000080b00000| Complete 
|  12|0x0000000080c00000, 0x0000000080d00000, 0x0000000080d00000|100%| O|  |TAMS 0x0000000080d00000, 0x0000000080c00000| Untracked 
|  13|0x0000000080d00000, 0x0000000080e00000, 0x0000000080e00000|100%| O|  |TAMS 0x0000000080e00000, 0x0000000080d00000| Untracked 
|  14|0x0000000080e00000, 0x0000000080f00000, 0x0000000080f00000|100%| O|  |TAMS 0x0000000080f00000, 0x0000000080e00000| Untracked 
|  15|0x0000000080f00000, 0x0000000081000000, 0x0000000081000000|100%| O|  |TAMS 0x0000000081000000, 0x0000000080f00000| Untracked 
|  16|0x0000000081000000, 0x0000000081100000, 0x0000000081100000|100%| O|  |TAMS 0x0000000081100000, 0x0000000081000000| Untracked 
|  17|0x0000000081100000, 0x0000000081200000, 0x0000000081200000|100%| O|  |TAMS 0x0000000081200000, 0x0000000081100000| Untracked 
|  18|0x0000000081200000, 0x0000000081300000, 0x0000000081300000|100%| O|  |TAMS 0x0000000081300000, 0x0000000081200000| Complete 
|  19|0x0000000081300000, 0x0000000081400000, 0x0000000081400000|100%|HS|  |TAMS 0x0000000081400000, 0x0000000081300000| Complete 
|  20|0x0000000081400000, 0x0000000081500000, 0x0000000081500000|100%| O|  |TAMS 0x0000000081500000, 0x0000000081400000| Untracked 
|  21|0x0000000081500000, 0x0000000081600000, 0x0000000081600000|100%| O|  |TAMS 0x0000000081600000, 0x0000000081500000| Untracked 
|  22|0x0000000081600000, 0x0000000081700000, 0x0000000081700000|100%| O|  |TAMS 0x0000000081700000, 0x0000000081600000| Untracked 
|  23|0x0000000081700000, 0x0000000081800000, 0x0000000081800000|100%| O|  |TAMS 0x0000000081800000, 0x0000000081700000| Complete 
|  24|0x0000000081800000, 0x0000000081900000, 0x0000000081900000|100%| O|  |TAMS 0x0000000081900000, 0x0000000081800000| Untracked 
|  25|0x0000000081900000, 0x0000000081a00000, 0x0000000081a00000|100%| O|  |TAMS 0x0000000081a00000, 0x0000000081900000| Complete 
|  26|0x0000000081a00000, 0x0000000081b00000, 0x0000000081b00000|100%| O|  |TAMS 0x0000000081b00000, 0x0000000081a00000| Untracked 
|  27|0x0000000081b00000, 0x0000000081c00000, 0x0000000081c00000|100%| O|  |TAMS 0x0000000081c00000, 0x0000000081b00000| Untracked 
|  28|0x0000000081c00000, 0x0000000081d00000, 0x0000000081d00000|100%| O|  |TAMS 0x0000000081d00000, 0x0000000081c00000| Untracked 
|  29|0x0000000081d00000, 0x0000000081e00000, 0x0000000081e00000|100%|HS|  |TAMS 0x0000000081e00000, 0x0000000081d00000| Complete 
|  30|0x0000000081e00000, 0x0000000081f00000, 0x0000000081f00000|100%|HS|  |TAMS 0x0000000081f00000, 0x0000000081e00000| Complete 
|  31|0x0000000081f00000, 0x0000000082000000, 0x0000000082000000|100%|HS|  |TAMS 0x0000000082000000, 0x0000000081f00000| Complete 
|  32|0x0000000082000000, 0x0000000082100000, 0x0000000082100000|100%|HC|  |TAMS 0x0000000082100000, 0x0000000082000000| Complete 
|  33|0x0000000082100000, 0x0000000082200000, 0x0000000082200000|100%| O|  |TAMS 0x0000000082200000, 0x0000000082100000| Untracked 
|  34|0x0000000082200000, 0x0000000082300000, 0x0000000082300000|100%| O|  |TAMS 0x0000000082300000, 0x0000000082200000| Untracked 
|  35|0x0000000082300000, 0x0000000082400000, 0x0000000082400000|100%| O|  |TAMS 0x0000000082400000, 0x0000000082300000| Untracked 
|  36|0x0000000082400000, 0x0000000082500000, 0x0000000082500000|100%| O|  |TAMS 0x0000000082500000, 0x0000000082400000| Complete 
|  37|0x0000000082500000, 0x0000000082600000, 0x0000000082600000|100%| O|  |TAMS 0x0000000082600000, 0x0000000082500000| Untracked 
|  38|0x0000000082600000, 0x0000000082700000, 0x0000000082700000|100%| O|  |TAMS 0x0000000082700000, 0x0000000082600000| Untracked 
|  39|0x0000000082700000, 0x0000000082800000, 0x0000000082800000|100%| O|  |TAMS 0x0000000082800000, 0x0000000082700000| Untracked 
|  40|0x0000000082800000, 0x0000000082900000, 0x0000000082900000|100%| O|  |TAMS 0x0000000082900000, 0x0000000082800000| Untracked 
|  41|0x0000000082900000, 0x0000000082a00000, 0x0000000082a00000|100%| O|  |TAMS 0x0000000082a00000, 0x0000000082900000| Untracked 
|  42|0x0000000082a00000, 0x0000000082b00000, 0x0000000082b00000|100%| O|  |TAMS 0x0000000082b00000, 0x0000000082a00000| Untracked 
|  43|0x0000000082b00000, 0x0000000082c00000, 0x0000000082c00000|100%| O|  |TAMS 0x0000000082c00000, 0x0000000082b00000| Untracked 
|  44|0x0000000082c00000, 0x0000000082d00000, 0x0000000082d00000|100%| O|  |TAMS 0x0000000082d00000, 0x0000000082c00000| Untracked 
|  45|0x0000000082d00000, 0x0000000082e00000, 0x0000000082e00000|100%| O|  |TAMS 0x0000000082e00000, 0x0000000082d00000| Complete 
|  46|0x0000000082e00000, 0x0000000082f00000, 0x0000000082f00000|100%| O|  |TAMS 0x0000000082f00000, 0x0000000082e00000| Untracked 
|  47|0x0000000082f00000, 0x0000000083000000, 0x0000000083000000|100%| O|  |TAMS 0x0000000083000000, 0x0000000082f00000| Untracked 
|  48|0x0000000083000000, 0x0000000083100000, 0x0000000083100000|100%| O|  |TAMS 0x0000000083100000, 0x0000000083000000| Untracked 
|  49|0x0000000083100000, 0x0000000083200000, 0x0000000083200000|100%| O|  |TAMS 0x0000000083200000, 0x0000000083100000| Untracked 
|  50|0x0000000083200000, 0x0000000083300000, 0x0000000083300000|100%| O|  |TAMS 0x0000000083300000, 0x0000000083200000| Untracked 
|  51|0x0000000083300000, 0x0000000083400000, 0x0000000083400000|100%| O|  |TAMS 0x0000000083400000, 0x0000000083300000| Untracked 
|  52|0x0000000083400000, 0x0000000083500000, 0x0000000083500000|100%| O|  |TAMS 0x0000000083500000, 0x0000000083400000| Untracked 
|  53|0x0000000083500000, 0x0000000083600000, 0x0000000083600000|100%| O|  |TAMS 0x0000000083600000, 0x0000000083500000| Complete 
|  54|0x0000000083600000, 0x0000000083700000, 0x0000000083700000|100%| O|  |TAMS 0x0000000083700000, 0x0000000083600000| Untracked 
|  55|0x0000000083700000, 0x0000000083800000, 0x0000000083800000|100%| O|  |TAMS 0x0000000083800000, 0x0000000083700000| Untracked 
|  56|0x0000000083800000, 0x0000000083900000, 0x0000000083900000|100%| O|  |TAMS 0x0000000083900000, 0x0000000083800000| Untracked 
|  57|0x0000000083900000, 0x0000000083a00000, 0x0000000083a00000|100%| O|  |TAMS 0x0000000083a00000, 0x0000000083900000| Untracked 
|  58|0x0000000083a00000, 0x0000000083b00000, 0x0000000083b00000|100%| O|  |TAMS 0x0000000083b00000, 0x0000000083a00000| Complete 
|  59|0x0000000083b00000, 0x0000000083c00000, 0x0000000083c00000|100%| O|  |TAMS 0x0000000083c00000, 0x0000000083b00000| Untracked 
|  60|0x0000000083c00000, 0x0000000083d00000, 0x0000000083d00000|100%| O|  |TAMS 0x0000000083d00000, 0x0000000083c00000| Untracked 
|  61|0x0000000083d00000, 0x0000000083e00000, 0x0000000083e00000|100%| O|  |TAMS 0x0000000083e00000, 0x0000000083d00000| Complete 
|  62|0x0000000083e00000, 0x0000000083f00000, 0x0000000083f00000|100%| O|  |TAMS 0x0000000083f00000, 0x0000000083e00000| Untracked 
|  63|0x0000000083f00000, 0x0000000084000000, 0x0000000084000000|100%| O|  |TAMS 0x0000000084000000, 0x0000000083f00000| Untracked 
|  64|0x0000000084000000, 0x0000000084100000, 0x0000000084100000|100%| O|  |TAMS 0x0000000084100000, 0x0000000084000000| Complete 
|  65|0x0000000084100000, 0x0000000084200000, 0x0000000084200000|100%| O|  |TAMS 0x0000000084200000, 0x0000000084100000| Untracked 
|  66|0x0000000084200000, 0x0000000084300000, 0x0000000084300000|100%| O|  |TAMS 0x0000000084300000, 0x0000000084200000| Untracked 
|  67|0x0000000084300000, 0x0000000084400000, 0x0000000084400000|100%| O|  |TAMS 0x0000000084400000, 0x0000000084300000| Untracked 
|  68|0x0000000084400000, 0x0000000084500000, 0x0000000084500000|100%| O|  |TAMS 0x0000000084500000, 0x0000000084400000| Complete 
|  69|0x0000000084500000, 0x0000000084600000, 0x0000000084600000|100%| O|CS|TAMS 0x0000000084600000, 0x0000000084500000| Complete 
|  70|0x0000000084600000, 0x0000000084700000, 0x0000000084700000|100%| O|  |TAMS 0x0000000084700000, 0x0000000084600000| Untracked 
|  71|0x0000000084700000, 0x0000000084800000, 0x0000000084800000|100%| O|  |TAMS 0x0000000084800000, 0x0000000084700000| Untracked 
|  72|0x0000000084800000, 0x0000000084900000, 0x0000000084900000|100%| O|  |TAMS 0x0000000084900000, 0x0000000084800000| Untracked 
|  73|0x0000000084900000, 0x0000000084a00000, 0x0000000084a00000|100%| O|  |TAMS 0x0000000084900000, 0x0000000084900000| Untracked 
|  74|0x0000000084a00000, 0x0000000084b00000, 0x0000000084b00000|100%| O|CS|TAMS 0x0000000084b00000, 0x0000000084a00000| Complete 
|  75|0x0000000084b00000, 0x0000000084c00000, 0x0000000084c00000|100%| O|  |TAMS 0x0000000084c00000, 0x0000000084b00000| Complete 
|  76|0x0000000084c00000, 0x0000000084d00000, 0x0000000084d00000|100%| O|  |TAMS 0x0000000084d00000, 0x0000000084c00000| Untracked 
|  77|0x0000000084d00000, 0x0000000084e00000, 0x0000000084e00000|100%| O|  |TAMS 0x0000000084e00000, 0x0000000084d00000| Untracked 
|  78|0x0000000084e00000, 0x0000000084f00000, 0x0000000084f00000|100%| O|CS|TAMS 0x0000000084f00000, 0x0000000084e00000| Complete 
|  79|0x0000000084f00000, 0x0000000085000000, 0x0000000085000000|100%| O|CS|TAMS 0x0000000085000000, 0x0000000084f00000| Complete 
|  80|0x0000000085000000, 0x0000000085100000, 0x0000000085100000|100%| O|  |TAMS 0x0000000085100000, 0x0000000085000000| Complete 
|  81|0x0000000085100000, 0x0000000085200000, 0x0000000085200000|100%| O|  |TAMS 0x0000000085200000, 0x0000000085100000| Complete 
|  82|0x0000000085200000, 0x0000000085300000, 0x0000000085300000|100%| O|  |TAMS 0x0000000085300000, 0x0000000085200000| Complete 
|  83|0x0000000085300000, 0x0000000085400000, 0x0000000085400000|100%| O|CS|TAMS 0x0000000085400000, 0x0000000085300000| Complete 
|  84|0x0000000085400000, 0x0000000085500000, 0x0000000085500000|100%| O|  |TAMS 0x0000000085500000, 0x0000000085400000| Complete 
|  85|0x0000000085500000, 0x0000000085600000, 0x0000000085600000|100%| O|  |TAMS 0x0000000085600000, 0x0000000085500000| Untracked 
|  86|0x0000000085600000, 0x0000000085700000, 0x0000000085700000|100%| O|  |TAMS 0x0000000085700000, 0x0000000085600000| Complete 
|  87|0x0000000085700000, 0x0000000085800000, 0x0000000085800000|100%| O|  |TAMS 0x0000000085800000, 0x0000000085700000| Complete 
|  88|0x0000000085800000, 0x0000000085900000, 0x0000000085900000|100%| O|CS|TAMS 0x0000000085900000, 0x0000000085800000| Complete 
|  89|0x0000000085900000, 0x0000000085a00000, 0x0000000085a00000|100%| O|  |TAMS 0x0000000085a00000, 0x0000000085900000| Complete 
|  90|0x0000000085a00000, 0x0000000085b00000, 0x0000000085b00000|100%|HS|  |TAMS 0x0000000085b00000, 0x0000000085a00000| Complete 
|  91|0x0000000085b00000, 0x0000000085c00000, 0x0000000085c00000|100%|HC|  |TAMS 0x0000000085c00000, 0x0000000085b00000| Complete 
|  92|0x0000000085c00000, 0x0000000085d00000, 0x0000000085d00000|100%| O|  |TAMS 0x0000000085d00000, 0x0000000085c00000| Complete 
|  93|0x0000000085d00000, 0x0000000085e00000, 0x0000000085e00000|100%| O|  |TAMS 0x0000000085e00000, 0x0000000085d00000| Complete 
|  94|0x0000000085e00000, 0x0000000085f00000, 0x0000000085f00000|100%| O|  |TAMS 0x0000000085f00000, 0x0000000085e00000| Complete 
|  95|0x0000000085f00000, 0x0000000086000000, 0x0000000086000000|100%| O|  |TAMS 0x0000000086000000, 0x0000000085f00000| Complete 
|  96|0x0000000086000000, 0x0000000086100000, 0x0000000086100000|100%| O|  |TAMS 0x0000000086100000, 0x0000000086000000| Complete 
|  97|0x0000000086100000, 0x0000000086200000, 0x0000000086200000|100%| O|  |TAMS 0x0000000086200000, 0x0000000086100000| Complete 
|  98|0x0000000086200000, 0x0000000086300000, 0x0000000086300000|100%| O|CS|TAMS 0x0000000086300000, 0x0000000086200000| Complete 
|  99|0x0000000086300000, 0x0000000086400000, 0x0000000086400000|100%| O|  |TAMS 0x0000000086400000, 0x0000000086300000| Complete 
| 100|0x0000000086400000, 0x0000000086500000, 0x0000000086500000|100%| O|  |TAMS 0x0000000086500000, 0x0000000086400000| Complete 
| 101|0x0000000086500000, 0x0000000086600000, 0x0000000086600000|100%| O|CS|TAMS 0x0000000086600000, 0x0000000086500000| Complete 
| 102|0x0000000086600000, 0x0000000086700000, 0x0000000086700000|100%| O|  |TAMS 0x0000000086700000, 0x0000000086600000| Untracked 
| 103|0x0000000086700000, 0x0000000086800000, 0x0000000086800000|100%| O|  |TAMS 0x0000000086800000, 0x0000000086700000| Untracked 
| 104|0x0000000086800000, 0x0000000086900000, 0x0000000086900000|100%| O|  |TAMS 0x0000000086900000, 0x0000000086800000| Untracked 
| 105|0x0000000086900000, 0x0000000086a00000, 0x0000000086a00000|100%| O|CS|TAMS 0x0000000086a00000, 0x0000000086900000| Complete 
| 106|0x0000000086a00000, 0x0000000086b00000, 0x0000000086b00000|100%| O|CS|TAMS 0x0000000086b00000, 0x0000000086a00000| Complete 
| 107|0x0000000086b00000, 0x0000000086c00000, 0x0000000086c00000|100%| O|CS|TAMS 0x0000000086c00000, 0x0000000086b00000| Complete 
| 108|0x0000000086c00000, 0x0000000086d00000, 0x0000000086d00000|100%| O|  |TAMS 0x0000000086c00000, 0x0000000086c00000| Untracked 
| 109|0x0000000086d00000, 0x0000000086e00000, 0x0000000086e00000|100%| O|CS|TAMS 0x0000000086e00000, 0x0000000086d00000| Complete 
| 110|0x0000000086e00000, 0x0000000086f00000, 0x0000000086f00000|100%| O|  |TAMS 0x0000000086e00000, 0x0000000086e00000| Untracked 
| 111|0x0000000086f00000, 0x0000000087000000, 0x0000000087000000|100%| O|CS|TAMS 0x0000000087000000, 0x0000000086f00000| Complete 
| 112|0x0000000087000000, 0x0000000087100000, 0x0000000087100000|100%| O|CS|TAMS 0x0000000087100000, 0x0000000087000000| Complete 
| 113|0x0000000087100000, 0x0000000087200000, 0x0000000087200000|100%| O|CS|TAMS 0x0000000087200000, 0x0000000087100000| Complete 
| 114|0x0000000087200000, 0x0000000087300000, 0x0000000087300000|100%| O|  |TAMS 0x0000000087300000, 0x0000000087200000| Complete 
| 115|0x0000000087300000, 0x0000000087400000, 0x0000000087400000|100%| O|CS|TAMS 0x0000000087400000, 0x0000000087300000| Complete 
| 116|0x0000000087400000, 0x0000000087500000, 0x0000000087500000|100%| O|CS|TAMS 0x0000000087500000, 0x0000000087400000| Complete 
| 117|0x0000000087500000, 0x0000000087600000, 0x0000000087600000|100%| O|  |TAMS 0x0000000087600000, 0x0000000087500000| Complete 
| 118|0x0000000087600000, 0x0000000087700000, 0x0000000087700000|100%| O|CS|TAMS 0x0000000087700000, 0x0000000087600000| Complete 
| 119|0x0000000087700000, 0x0000000087707080, 0x0000000087800000|  2%| O|  |TAMS 0x0000000087700000, 0x0000000087700000| Untracked 
| 120|0x0000000087800000, 0x0000000087900000, 0x0000000087900000|100%| O|  |TAMS 0x0000000087900000, 0x0000000087800000| Complete 
| 121|0x0000000087900000, 0x0000000087900000, 0x0000000087a00000|  0%| F|  |TAMS 0x0000000087900000, 0x0000000087900000| Untracked 
| 122|0x0000000087a00000, 0x0000000087b00000, 0x0000000087b00000|100%| O|  |TAMS 0x0000000087a47e00, 0x0000000087a00000| Untracked 
| 123|0x0000000087b00000, 0x0000000087c00000, 0x0000000087c00000|100%| O|CS|TAMS 0x0000000087c00000, 0x0000000087b00000| Complete 
| 124|0x0000000087c00000, 0x0000000087c00000, 0x0000000087d00000|  0%| F|  |TAMS 0x0000000087c00000, 0x0000000087c00000| Untracked 
| 125|0x0000000087d00000, 0x0000000087d00000, 0x0000000087e00000|  0%| F|  |TAMS 0x0000000087d00000, 0x0000000087d00000| Untracked 
| 126|0x0000000087e00000, 0x0000000087e00000, 0x0000000087f00000|  0%| F|  |TAMS 0x0000000087e00000, 0x0000000087e00000| Untracked 
| 127|0x0000000087f00000, 0x0000000087f00000, 0x0000000088000000|  0%| F|  |TAMS 0x0000000087f00000, 0x0000000087f00000| Untracked 
| 128|0x0000000088000000, 0x0000000088000000, 0x0000000088100000|  0%| F|  |TAMS 0x0000000088000000, 0x0000000088000000| Untracked 
| 129|0x0000000088100000, 0x0000000088100000, 0x0000000088200000|  0%| F|  |TAMS 0x0000000088100000, 0x0000000088100000| Untracked 
| 130|0x0000000088200000, 0x0000000088200000, 0x0000000088300000|  0%| F|  |TAMS 0x0000000088200000, 0x0000000088200000| Untracked 
| 131|0x0000000088300000, 0x0000000088300000, 0x0000000088400000|  0%| F|  |TAMS 0x0000000088300000, 0x0000000088300000| Untracked 
| 132|0x0000000088400000, 0x0000000088400000, 0x0000000088500000|  0%| F|  |TAMS 0x0000000088400000, 0x0000000088400000| Untracked 
| 133|0x0000000088500000, 0x0000000088500000, 0x0000000088600000|  0%| F|  |TAMS 0x0000000088500000, 0x0000000088500000| Untracked 
| 134|0x0000000088600000, 0x0000000088600000, 0x0000000088700000|  0%| F|  |TAMS 0x0000000088600000, 0x0000000088600000| Untracked 
| 135|0x0000000088700000, 0x0000000088700000, 0x0000000088800000|  0%| F|  |TAMS 0x0000000088700000, 0x0000000088700000| Untracked 
| 136|0x0000000088800000, 0x0000000088800000, 0x0000000088900000|  0%| F|  |TAMS 0x0000000088800000, 0x0000000088800000| Untracked 
| 137|0x0000000088900000, 0x0000000088900000, 0x0000000088a00000|  0%| F|  |TAMS 0x0000000088900000, 0x0000000088900000| Untracked 
| 138|0x0000000088a00000, 0x0000000088a00000, 0x0000000088b00000|  0%| F|  |TAMS 0x0000000088a00000, 0x0000000088a00000| Untracked 
| 139|0x0000000088b00000, 0x0000000088b00000, 0x0000000088c00000|  0%| F|  |TAMS 0x0000000088b00000, 0x0000000088b00000| Untracked 
| 140|0x0000000088c00000, 0x0000000088c00000, 0x0000000088d00000|  0%| F|  |TAMS 0x0000000088c00000, 0x0000000088c00000| Untracked 
| 141|0x0000000088d00000, 0x0000000088d00000, 0x0000000088e00000|  0%| F|  |TAMS 0x0000000088d00000, 0x0000000088d00000| Untracked 
| 142|0x0000000088e00000, 0x0000000088e00000, 0x0000000088f00000|  0%| F|  |TAMS 0x0000000088e00000, 0x0000000088e00000| Untracked 
| 143|0x0000000088f00000, 0x0000000088f00000, 0x0000000089000000|  0%| F|  |TAMS 0x0000000088f00000, 0x0000000088f00000| Untracked 
| 144|0x0000000089000000, 0x0000000089000000, 0x0000000089100000|  0%| F|  |TAMS 0x0000000089000000, 0x0000000089000000| Untracked 
| 145|0x0000000089100000, 0x0000000089100000, 0x0000000089200000|  0%| F|  |TAMS 0x0000000089100000, 0x0000000089100000| Untracked 
| 146|0x0000000089200000, 0x0000000089200000, 0x0000000089300000|  0%| F|  |TAMS 0x0000000089200000, 0x0000000089200000| Untracked 
| 147|0x0000000089300000, 0x0000000089300000, 0x0000000089400000|  0%| F|  |TAMS 0x0000000089300000, 0x0000000089300000| Untracked 
| 148|0x0000000089400000, 0x0000000089400000, 0x0000000089500000|  0%| F|  |TAMS 0x0000000089400000, 0x0000000089400000| Untracked 
| 149|0x0000000089500000, 0x0000000089500000, 0x0000000089600000|  0%| F|  |TAMS 0x0000000089500000, 0x0000000089500000| Untracked 
| 150|0x0000000089600000, 0x0000000089600000, 0x0000000089700000|  0%| F|  |TAMS 0x0000000089600000, 0x0000000089600000| Untracked 
| 151|0x0000000089700000, 0x0000000089700000, 0x0000000089800000|  0%| F|  |TAMS 0x0000000089700000, 0x0000000089700000| Untracked 
| 152|0x0000000089800000, 0x0000000089800000, 0x0000000089900000|  0%| F|  |TAMS 0x0000000089800000, 0x0000000089800000| Untracked 
| 153|0x0000000089900000, 0x0000000089900000, 0x0000000089a00000|  0%| F|  |TAMS 0x0000000089900000, 0x0000000089900000| Untracked 
| 154|0x0000000089a00000, 0x0000000089a00000, 0x0000000089b00000|  0%| F|  |TAMS 0x0000000089a00000, 0x0000000089a00000| Untracked 
| 155|0x0000000089b00000, 0x0000000089b00000, 0x0000000089c00000|  0%| F|  |TAMS 0x0000000089b00000, 0x0000000089b00000| Untracked 
| 156|0x0000000089c00000, 0x0000000089c00000, 0x0000000089d00000|  0%| F|  |TAMS 0x0000000089c00000, 0x0000000089c00000| Untracked 
| 157|0x0000000089d00000, 0x0000000089db9bb8, 0x0000000089e00000| 72%| E|CS|TAMS 0x0000000089d00000, 0x0000000089d00000| Complete 
| 158|0x0000000089e00000, 0x0000000089f00000, 0x0000000089f00000|100%| E|CS|TAMS 0x0000000089e00000, 0x0000000089e00000| Complete 
| 159|0x0000000089f00000, 0x000000008a000000, 0x000000008a000000|100%| E|CS|TAMS 0x0000000089f00000, 0x0000000089f00000| Complete 
| 160|0x000000008a000000, 0x000000008a000000, 0x000000008a100000|  0%| F|  |TAMS 0x000000008a000000, 0x000000008a000000| Untracked 
| 161|0x000000008a100000, 0x000000008a100000, 0x000000008a200000|  0%| F|  |TAMS 0x000000008a100000, 0x000000008a100000| Untracked 
| 162|0x000000008a200000, 0x000000008a200000, 0x000000008a300000|  0%| F|  |TAMS 0x000000008a200000, 0x000000008a200000| Untracked 
| 163|0x000000008a300000, 0x000000008a300000, 0x000000008a400000|  0%| F|  |TAMS 0x000000008a300000, 0x000000008a300000| Untracked 
| 164|0x000000008a400000, 0x000000008a400000, 0x000000008a500000|  0%| F|  |TAMS 0x000000008a400000, 0x000000008a400000| Untracked 
| 165|0x000000008a500000, 0x000000008a500000, 0x000000008a600000|  0%| F|  |TAMS 0x000000008a500000, 0x000000008a500000| Untracked 
| 166|0x000000008a600000, 0x000000008a600000, 0x000000008a700000|  0%| F|  |TAMS 0x000000008a600000, 0x000000008a600000| Untracked 
| 167|0x000000008a700000, 0x000000008a700000, 0x000000008a800000|  0%| F|  |TAMS 0x000000008a700000, 0x000000008a700000| Untracked 
| 168|0x000000008a800000, 0x000000008a800000, 0x000000008a900000|  0%| F|  |TAMS 0x000000008a800000, 0x000000008a800000| Untracked 
| 169|0x000000008a900000, 0x000000008a900000, 0x000000008aa00000|  0%| F|  |TAMS 0x000000008a900000, 0x000000008a900000| Untracked 
| 170|0x000000008aa00000, 0x000000008aa00000, 0x000000008ab00000|  0%| F|  |TAMS 0x000000008aa00000, 0x000000008aa00000| Untracked 
| 171|0x000000008ab00000, 0x000000008ab00000, 0x000000008ac00000|  0%| F|  |TAMS 0x000000008ab00000, 0x000000008ab00000| Untracked 
| 172|0x000000008ac00000, 0x000000008ac00000, 0x000000008ad00000|  0%| F|  |TAMS 0x000000008ac00000, 0x000000008ac00000| Untracked 
| 173|0x000000008ad00000, 0x000000008ad00000, 0x000000008ae00000|  0%| F|  |TAMS 0x000000008ad00000, 0x000000008ad00000| Untracked 
| 174|0x000000008ae00000, 0x000000008ae00000, 0x000000008af00000|  0%| F|  |TAMS 0x000000008ae00000, 0x000000008ae00000| Untracked 
| 175|0x000000008af00000, 0x000000008af00000, 0x000000008b000000|  0%| F|  |TAMS 0x000000008af00000, 0x000000008af00000| Untracked 
| 176|0x000000008b000000, 0x000000008b000000, 0x000000008b100000|  0%| F|  |TAMS 0x000000008b000000, 0x000000008b000000| Untracked 
| 177|0x000000008b100000, 0x000000008b100000, 0x000000008b200000|  0%| F|  |TAMS 0x000000008b100000, 0x000000008b100000| Untracked 
| 178|0x000000008b200000, 0x000000008b2a6380, 0x000000008b300000| 64%| S|  |TAMS 0x000000008b200000, 0x000000008b200000| Complete 
| 179|0x000000008b300000, 0x000000008b400000, 0x000000008b400000|100%| E|CS|TAMS 0x000000008b300000, 0x000000008b300000| Complete 
| 180|0x000000008b400000, 0x000000008b500000, 0x000000008b500000|100%| E|CS|TAMS 0x000000008b400000, 0x000000008b400000| Complete 
| 181|0x000000008b500000, 0x000000008b600000, 0x000000008b600000|100%| E|CS|TAMS 0x000000008b500000, 0x000000008b500000| Complete 
| 182|0x000000008b600000, 0x000000008b700000, 0x000000008b700000|100%| E|CS|TAMS 0x000000008b600000, 0x000000008b600000| Complete 
| 183|0x000000008b700000, 0x000000008b800000, 0x000000008b800000|100%| E|CS|TAMS 0x000000008b700000, 0x000000008b700000| Complete 
| 184|0x000000008b800000, 0x000000008b900000, 0x000000008b900000|100%| E|CS|TAMS 0x000000008b800000, 0x000000008b800000| Complete 

Card table byte_map: [0x00000207b0600000,0x00000207b0a00000] _byte_map_base: 0x00000207b0200000

Marking Bits (Prev, Next): (CMBitMap*) 0x00000207995b68f8, (CMBitMap*) 0x00000207995b6930
 Prev Bits: [0x00000207b0e00000, 0x00000207b2e00000)
 Next Bits: [0x00000207b2e00000, 0x00000207b4e00000)

Polling page: 0x00000207a0bb0000

Metaspace:

Usage:
  Non-class:    100.90 MB capacity,    99.18 MB ( 98%) used,     1.36 MB (  1%) free+waste,   370.00 KB ( <1%) overhead. 
      Class:     15.64 MB capacity,    14.47 MB ( 92%) used,     1.01 MB (  6%) free+waste,   169.88 KB (  1%) overhead. 
       Both:    116.54 MB capacity,   113.65 MB ( 98%) used,     2.37 MB (  2%) free+waste,   539.88 KB ( <1%) overhead. 

Virtual space:
  Non-class space:      102.00 MB reserved,     101.18 MB (>99%) committed 
      Class space:        1.00 GB reserved,      15.95 MB (  2%) committed 
             Both:        1.10 GB reserved,     117.13 MB ( 10%) committed 

Chunk freelists:
   Non-Class:  35.75 KB
       Class:  25.63 KB
        Both:  61.38 KB

CodeHeap 'non-profiled nmethods': size=120064Kb used=11477Kb max_used=11735Kb free=108586Kb
 bounds [0x00000207a8690000, 0x00000207a9220000, 0x00000207afbd0000]
CodeHeap 'profiled nmethods': size=120000Kb used=38907Kb max_used=38929Kb free=81092Kb
 bounds [0x00000207a1160000, 0x00000207a37a0000, 0x00000207a8690000]
CodeHeap 'non-nmethods': size=5696Kb used=2351Kb max_used=2404Kb free=3344Kb
 bounds [0x00000207a0bd0000, 0x00000207a0e40000, 0x00000207a1160000]
 total_blobs=17954 nmethods=16978 adapters=886
 compilation: enabled
              stopped_count=0, restarted_count=0
 full_count=0

Compilation events (10 events):
Event: 488.412 Thread 0x00000207b746a800 nmethod 19244 0x00000207a232e590 code [0x00000207a232e740, 0x00000207a232e8e8]
Event: 488.412 Thread 0x00000207b746a800 19245       3       org.gradle.internal.component.external.model.DefaultModuleComponentIdentifier::getDisplayName (87 bytes)
Event: 488.413 Thread 0x00000207b746a800 nmethod 19245 0x00000207a2a59310 code [0x00000207a2a595e0, 0x00000207a2a5a318]
Event: 488.417 Thread 0x00000207b746a800 19246   !   3       java.util.concurrent.ThreadPoolExecutor::runWorker (187 bytes)
Event: 488.419 Thread 0x00000207b746a800 nmethod 19246 0x00000207a378b990 code [0x00000207a378bd40, 0x00000207a378d678]
Event: 488.422 Thread 0x00000207b7465000 19247       4       java.util.concurrent.ThreadPoolExecutor::runStateAtLeast (11 bytes)
Event: 488.423 Thread 0x00000207b7465000 nmethod 19247 0x00000207a8be0090 code [0x00000207a8be0200, 0x00000207a8be0258]
Event: 488.423 Thread 0x00000207b746a800 19249       3       org.gradle.internal.work.DefaultWorkerLeaseService$DefaultWorkerLease::acquireLock (101 bytes)
Event: 488.426 Thread 0x00000207b746a800 nmethod 19249 0x00000207a378e290 code [0x00000207a378e6a0, 0x00000207a37908e8]
Event: 488.426 Thread 0x00000207b746a800 19250       3       org.gradle.api.internal.artifacts.ivyservice.resolveengine.artifact.ArtifactBackedResolvedVariant$DownloadArtifactFile::description (50 bytes)

GC Heap History (10 events):
Event: 106.987 GC heap after
{Heap after GC invocations=86 (full 0):
 garbage-first heap   total 189440K, used 126304K [0x0000000080000000, 0x0000000100000000)
  region size 1024K, 4 young (4096K), 4 survivors (4096K)
 Metaspace       used 113032K, capacity 116016K, committed 116224K, reserved 1150976K
  class space    used 14398K, capacity 15632K, committed 15692K, reserved 1048576K
}
Event: 112.839 GC heap before
{Heap before GC invocations=86 (full 0):
 garbage-first heap   total 189440K, used 158048K [0x0000000080000000, 0x0000000100000000)
  region size 1024K, 33 young (33792K), 4 survivors (4096K)
 Metaspace       used 114137K, capacity 117167K, committed 117248K, reserved 1150976K
  class space    used 14633K, capacity 15895K, committed 15948K, reserved 1048576K
}
Event: 112.846 GC heap after
{Heap after GC invocations=87 (full 0):
 garbage-first heap   total 189440K, used 126393K [0x0000000080000000, 0x0000000100000000)
  region size 1024K, 3 young (3072K), 3 survivors (3072K)
 Metaspace       used 114137K, capacity 117167K, committed 117248K, reserved 1150976K
  class space    used 14633K, capacity 15895K, committed 15948K, reserved 1048576K
}
Event: 114.904 GC heap before
{Heap before GC invocations=87 (full 0):
 garbage-first heap   total 189440K, used 157113K [0x0000000080000000, 0x0000000100000000)
  region size 1024K, 32 young (32768K), 3 survivors (3072K)
 Metaspace       used 115714K, capacity 118824K, committed 118912K, reserved 1153024K
  class space    used 14819K, capacity 16064K, committed 16076K, reserved 1048576K
}
Event: 114.907 GC heap after
{Heap after GC invocations=88 (full 0):
 garbage-first heap   total 189440K, used 125513K [0x0000000080000000, 0x0000000100000000)
  region size 1024K, 2 young (2048K), 2 survivors (2048K)
 Metaspace       used 115714K, capacity 118824K, committed 118912K, reserved 1153024K
  class space    used 14819K, capacity 16064K, committed 16076K, reserved 1048576K
}
Event: 115.405 GC heap before
{Heap before GC invocations=88 (full 0):
 garbage-first heap   total 189440K, used 142921K [0x0000000080000000, 0x0000000100000000)
  region size 1024K, 4 young (4096K), 2 survivors (2048K)
 Metaspace       used 115865K, capacity 118961K, committed 119040K, reserved 1153024K
  class space    used 14841K, capacity 16130K, committed 16204K, reserved 1048576K
}
Event: 115.408 GC heap after
{Heap after GC invocations=89 (full 0):
 garbage-first heap   total 189440K, used 135809K [0x0000000080000000, 0x0000000100000000)
  region size 1024K, 2 young (2048K), 2 survivors (2048K)
 Metaspace       used 115865K, capacity 118961K, committed 119040K, reserved 1153024K
  class space    used 14841K, capacity 16130K, committed 16204K, reserved 1048576K
}
Event: 488.281 GC heap before
{Heap before GC invocations=90 (full 0):
 garbage-first heap   total 189440K, used 170625K [0x0000000080000000, 0x0000000100000000)
  region size 1024K, 25 young (25600K), 2 survivors (2048K)
 Metaspace       used 116272K, capacity 119266K, committed 119936K, reserved 1153024K
  class space    used 14814K, capacity 16019K, committed 16332K, reserved 1048576K
}
Event: 488.291 GC heap after
{Heap after GC invocations=91 (full 0):
 garbage-first heap   total 189440K, used 123910K [0x0000000080000000, 0x0000000100000000)
  region size 1024K, 3 young (3072K), 3 survivors (3072K)
 Metaspace       used 116272K, capacity 119266K, committed 119936K, reserved 1153024K
  class space    used 14814K, capacity 16019K, committed 16332K, reserved 1048576K
}
Event: 488.428 GC heap before
{Heap before GC invocations=91 (full 0):
 garbage-first heap   total 189440K, used 129030K [0x0000000080000000, 0x0000000100000000)
  region size 1024K, 9 young (9216K), 3 survivors (3072K)
 Metaspace       used 116373K, capacity 119337K, committed 119936K, reserved 1153024K
  class space    used 14814K, capacity 16019K, committed 16332K, reserved 1048576K
}

Deoptimization events (10 events):
Event: 487.415 Thread 0x00000207bee53000 Uncommon trap: reason=class_check action=maybe_recompile pc=0x00000207a87e5af8 method=sun.nio.ch.IOUtil.read(Ljava/io/FileDescriptor;Ljava/nio/ByteBuffer;JZILsun/nio/ch/NativeDispatcher;)I @ 1 c2
Event: 487.415 Thread 0x00000207bee53000 Uncommon trap: reason=class_check action=maybe_recompile pc=0x00000207a889c678 method=sun.nio.ch.IOUtil.readIntoNativeBuffer(Ljava/io/FileDescriptor;Ljava/nio/ByteBuffer;JZILsun/nio/ch/NativeDispatcher;)I @ 134 c2
Event: 487.419 Thread 0x00000207bee53000 Uncommon trap: reason=class_check action=maybe_recompile pc=0x00000207a87e5af8 method=sun.nio.ch.IOUtil.read(Ljava/io/FileDescriptor;Ljava/nio/ByteBuffer;JZILsun/nio/ch/NativeDispatcher;)I @ 1 c2
Event: 487.445 Thread 0x00000207bee4e000 Uncommon trap: reason=unstable_if action=reinterpret pc=0x00000207a8d721c0 method=org.gradle.tooling.internal.provider.runner.SubtreeFilteringBuildOperationListener.started(Lorg/gradle/internal/operations/BuildOperationDescriptor;Lorg/gradle/internal/oper
Event: 487.460 Thread 0x00000207bee4e000 Uncommon trap: reason=unstable_if action=reinterpret pc=0x00000207a88cb920 method=com.google.common.collect.ImmutableSet.copyOf(Ljava/util/Collection;)Lcom/google/common/collect/ImmutableSet; @ 57 c2
Event: 487.757 Thread 0x00000207bee4e000 Uncommon trap: reason=class_check action=maybe_recompile pc=0x00000207a88e0354 method=com.google.common.base.CharMatcher$Or.matches(C)Z @ 5 c2
Event: 487.757 Thread 0x00000207bee4e000 Uncommon trap: reason=class_check action=maybe_recompile pc=0x00000207a88e0354 method=com.google.common.base.CharMatcher$Or.matches(C)Z @ 5 c2
Event: 487.757 Thread 0x00000207bee4e000 Uncommon trap: reason=class_check action=maybe_recompile pc=0x00000207a88e0354 method=com.google.common.base.CharMatcher$Or.matches(C)Z @ 5 c2
Event: 487.757 Thread 0x00000207bee4e000 Uncommon trap: reason=class_check action=maybe_recompile pc=0x00000207a88e0354 method=com.google.common.base.CharMatcher$Or.matches(C)Z @ 5 c2
Event: 487.892 Thread 0x00000207bee4e000 Uncommon trap: reason=class_check action=maybe_recompile pc=0x00000207a8d3e904 method=org.gradle.cache.internal.LockOnDemandCrossProcessCacheAccess.incrementLockCount()V @ 97 c2

Classes redefined (0 events):
No events

Internal exceptions (10 events):
Event: 113.929 Thread 0x00000207ba90c000 Exception <a 'java/lang/NoSuchMethodError'{0x000000008aa802d8}: java.lang.invoke.Invokers$Holder.linkToTargetMethod(Ljava/lang/Object;Ljava/lang/Object;Ljava/lang/Object;Ljava/lang/Object;ILjava/lang/Object;Ljava/lang/Object;)Ljava/lang/Object;> (0x000000
Event: 113.979 Thread 0x00000207ba90c000 Exception <a 'java/lang/NoSuchMethodError'{0x000000008a673248}: java.lang.invoke.DirectMethodHandle$Holder.invokeStatic(Ljava/lang/Object;Ljava/lang/Object;Ljava/lang/Object;Ljava/lang/Object;Ljava/lang/Object;Ljava/lang/Object;Ljava/lang/Object;I)Ljava/l
Event: 113.979 Thread 0x00000207ba90c000 Exception <a 'java/lang/NoSuchMethodError'{0x000000008a677680}: java.lang.invoke.DirectMethodHandle$Holder.invokeSpecial(Ljava/lang/Object;Ljava/lang/Object;Ljava/lang/Object;Ljava/lang/Object;Ljava/lang/Object;Ljava/lang/Object;Ljava/lang/Object;Ljava/la
Event: 113.980 Thread 0x00000207ba90c000 Exception <a 'java/lang/NoSuchMethodError'{0x000000008a67b670}: java.lang.invoke.Invokers$Holder.linkToTargetMethod(Ljava/lang/Object;Ljava/lang/Object;Ljava/lang/Object;Ljava/lang/Object;Ljava/lang/Object;Ljava/lang/Object;ILjava/lang/Object;)Ljava/lang/
Event: 115.940 Thread 0x00000207ba90c000 Implicit null exception at 0x00000207a882b54b to 0x00000207a882b56c
Event: 116.292 Thread 0x00000207b975d800 Exception <a 'sun/nio/fs/WindowsException'{0x000000008b4f85f0}> (0x000000008b4f85f0) thrown at [./open/src/hotspot/share/prims/jni.cpp, line 611]
Event: 116.292 Thread 0x00000207b975d800 Exception <a 'sun/nio/fs/WindowsException'{0x000000008b4f8a10}> (0x000000008b4f8a10) thrown at [./open/src/hotspot/share/prims/jni.cpp, line 611]
Event: 116.292 Thread 0x00000207b975d800 Exception <a 'sun/nio/fs/WindowsException'{0x000000008b4fac40}> (0x000000008b4fac40) thrown at [./open/src/hotspot/share/prims/jni.cpp, line 611]
Event: 116.436 Thread 0x00000207b975d800 Implicit null exception at 0x00000207a8e1058f to 0x00000207a8e105dc
Event: 487.445 Thread 0x00000207bee4e000 Implicit null exception at 0x00000207a8d716bf to 0x00000207a8d721a8

Events (10 events):
Event: 488.393 Thread 0x00000207bc4f3800 Thread added: 0x00000207bc4f3800
Event: 488.393 Thread 0x00000207bc4ed800 Thread added: 0x00000207bc4ed800
Event: 488.393 Thread 0x00000207bc4f8000 Thread added: 0x00000207bc4f8000
Event: 488.394 Thread 0x00000207bc4f4000 Thread added: 0x00000207bc4f4000
Event: 488.394 Thread 0x00000207bc4f5000 Thread added: 0x00000207bc4f5000
Event: 488.394 Thread 0x00000207bc4f6000 Thread added: 0x00000207bc4f6000
Event: 488.394 Thread 0x00000207ba909800 Thread added: 0x00000207ba909800
Event: 488.394 Thread 0x00000207ba908000 Thread added: 0x00000207ba908000
Event: 488.394 Thread 0x00000207ba90a800 Thread added: 0x00000207ba90a800
Event: 488.427 Executing VM operation: G1CollectForAllocation


Dynamic libraries:
0x00007ff655030000 - 0x00007ff65503f000 	D:\Java\jdk-11.0.13\bin\java.exe
0x00007ffb98010000 - 0x00007ffb98205000 	C:\WINDOWS\SYSTEM32\ntdll.dll
0x00007ffb97de0000 - 0x00007ffb97e9e000 	C:\WINDOWS\System32\KERNEL32.DLL
0x00007ffb95730000 - 0x00007ffb959f8000 	C:\WINDOWS\System32\KERNELBASE.dll
0x00007ffb95d70000 - 0x00007ffb95e70000 	C:\WINDOWS\System32\ucrtbase.dll
0x00007ffb93740000 - 0x00007ffb93758000 	D:\Java\jdk-11.0.13\bin\jli.dll
0x00007ffb93720000 - 0x00007ffb93735000 	D:\Java\jdk-11.0.13\bin\VCRUNTIME140.dll
0x00007ffb97d30000 - 0x00007ffb97dde000 	C:\WINDOWS\System32\ADVAPI32.dll
0x00007ffb96340000 - 0x00007ffb963de000 	C:\WINDOWS\System32\msvcrt.dll
0x00007ffb97910000 - 0x00007ffb979ac000 	C:\WINDOWS\System32\sechost.dll
0x00007ffb97270000 - 0x00007ffb97395000 	C:\WINDOWS\System32\RPCRT4.dll
0x00007ffb97a60000 - 0x00007ffb97c00000 	C:\WINDOWS\System32\USER32.dll
0x00007ffb95d40000 - 0x00007ffb95d62000 	C:\WINDOWS\System32\win32u.dll
0x00007ffb97cf0000 - 0x00007ffb97d1b000 	C:\WINDOWS\System32\GDI32.dll
0x00007ffb95f30000 - 0x00007ffb9603b000 	C:\WINDOWS\System32\gdi32full.dll
0x00007ffb95a00000 - 0x00007ffb95a9d000 	C:\WINDOWS\System32\msvcp_win.dll
0x00007ffb94de0000 - 0x00007ffb9507a000 	C:\WINDOWS\WinSxS\amd64_microsoft.windows.common-controls_6595b64144ccf1df_6.0.19041.1110_none_60b5254171f9507e\COMCTL32.dll
0x00007ffb92500000 - 0x00007ffb9250a000 	C:\WINDOWS\SYSTEM32\VERSION.dll
0x00007ffb97460000 - 0x00007ffb97490000 	C:\WINDOWS\System32\IMM32.DLL
0x00007ffb93680000 - 0x00007ffb9371b000 	D:\Java\jdk-11.0.13\bin\msvcp140.dll
0x00007ffb509b0000 - 0x00007ffb514c3000 	D:\Java\jdk-11.0.13\bin\server\jvm.dll
0x00007ffb97d20000 - 0x00007ffb97d28000 	C:\WINDOWS\System32\PSAPI.DLL
0x00007ffb7e0e0000 - 0x00007ffb7e0e9000 	C:\WINDOWS\SYSTEM32\WSOCK32.dll
0x00007ffb96ab0000 - 0x00007ffb96b1b000 	C:\WINDOWS\System32\WS2_32.dll
0x00007ffb87150000 - 0x00007ffb87177000 	C:\WINDOWS\SYSTEM32\WINMM.dll
0x00007ffb92820000 - 0x00007ffb92832000 	C:\WINDOWS\SYSTEM32\kernel.appcore.dll
0x00007ffb93670000 - 0x00007ffb93680000 	D:\Java\jdk-11.0.13\bin\verify.dll
0x00007ffb950d0000 - 0x00007ffb952b4000 	C:\WINDOWS\SYSTEM32\DBGHELP.DLL
0x00007ffb950a0000 - 0x00007ffb950cc000 	C:\WINDOWS\SYSTEM32\dbgcore.DLL
0x00007ffb95cb0000 - 0x00007ffb95d32000 	C:\WINDOWS\System32\bcryptPrimitives.dll
0x00007ffb93640000 - 0x00007ffb93668000 	D:\Java\jdk-11.0.13\bin\java.dll
0x00007ffb93630000 - 0x00007ffb9363a000 	D:\Java\jdk-11.0.13\bin\jimage.dll
0x00007ffb93610000 - 0x00007ffb93626000 	D:\Java\jdk-11.0.13\bin\zip.dll
0x00007ffb96b20000 - 0x00007ffb97264000 	C:\WINDOWS\System32\SHELL32.dll
0x00007ffb92a20000 - 0x00007ffb931b4000 	C:\WINDOWS\SYSTEM32\windows.storage.dll
0x00007ffb966a0000 - 0x00007ffb969f4000 	C:\WINDOWS\System32\combase.dll
0x00007ffb949c0000 - 0x00007ffb949ec000 	C:\WINDOWS\SYSTEM32\Wldp.dll
0x00007ffb96a00000 - 0x00007ffb96aad000 	C:\WINDOWS\System32\SHCORE.dll
0x00007ffb97400000 - 0x00007ffb97455000 	C:\WINDOWS\System32\shlwapi.dll
0x00007ffb95670000 - 0x00007ffb9568f000 	C:\WINDOWS\SYSTEM32\profapi.dll
0x00007ffb935f0000 - 0x00007ffb93609000 	D:\Java\jdk-11.0.13\bin\net.dll
0x00007ffb8df10000 - 0x00007ffb8e019000 	C:\WINDOWS\SYSTEM32\WINHTTP.dll
0x00007ffb947a0000 - 0x00007ffb9480a000 	C:\WINDOWS\system32\mswsock.dll
0x00007ffb935d0000 - 0x00007ffb935e2000 	D:\Java\jdk-11.0.13\bin\nio.dll
0x00007ffb93760000 - 0x00007ffb93787000 	C:\Users\noura\.gradle\native\e1d6ef7f7dcc3fd88c89a11ec53ec762bb8ba0a96d01ffa2cd45eb1d1d8dd5c5\windows-amd64\native-platform.dll
0x00007ffb93440000 - 0x00007ffb93584000 	C:\Users\noura\.gradle\native\5664cfc778a61ccfe75a443a1ab52a65af34e5dc3c78e0209fed803814484fcb\windows-amd64\native-platform-file-events.dll
0x00007ffb93940000 - 0x00007ffb93949000 	D:\Java\jdk-11.0.13\bin\management.dll
0x00007ffb93930000 - 0x00007ffb9393b000 	D:\Java\jdk-11.0.13\bin\management_ext.dll
0x00007ffb954b0000 - 0x00007ffb954c8000 	C:\WINDOWS\SYSTEM32\CRYPTSP.dll
0x00007ffb94100000 - 0x00007ffb94134000 	C:\WINDOWS\system32\rsaenh.dll
0x00007ffb96040000 - 0x00007ffb96067000 	C:\WINDOWS\System32\bcrypt.dll
0x00007ffb95630000 - 0x00007ffb9565e000 	C:\WINDOWS\SYSTEM32\USERENV.dll
0x00007ffb94930000 - 0x00007ffb9493c000 	C:\WINDOWS\SYSTEM32\CRYPTBASE.dll
0x00007ffb94450000 - 0x00007ffb9448b000 	C:\WINDOWS\SYSTEM32\IPHLPAPI.DLL
0x00007ffb97ce0000 - 0x00007ffb97ce8000 	C:\WINDOWS\System32\NSI.dll
0x00007ffb8bf70000 - 0x00007ffb8bf87000 	C:\WINDOWS\SYSTEM32\dhcpcsvc6.DLL
0x00007ffb8bef0000 - 0x00007ffb8bf0d000 	C:\WINDOWS\SYSTEM32\dhcpcsvc.DLL
0x00007ffb94490000 - 0x00007ffb9455a000 	C:\WINDOWS\SYSTEM32\DNSAPI.dll
0x00007ffb95470000 - 0x00007ffb954a3000 	C:\WINDOWS\SYSTEM32\ntmarta.dll
0x00007ffb92250000 - 0x00007ffb922e0000 	C:\WINDOWS\system32\apphelp.dll
0x00007ffb93900000 - 0x00007ffb93925000 	D:\Java\jdk-11.0.13\bin\sunec.dll

dbghelp: loaded successfully - version: 4.0.5 - missing functions: none
symbol engine: initialized successfully - sym options: 0x614 - pdb path: .;D:\Java\jdk-11.0.13\bin;C:\WINDOWS\SYSTEM32;C:\WINDOWS\WinSxS\amd64_microsoft.windows.common-controls_6595b64144ccf1df_6.0.19041.1110_none_60b5254171f9507e;D:\Java\jdk-11.0.13\bin\server;C:\Users\noura\.gradle\native\e1d6ef7f7dcc3fd88c89a11ec53ec762bb8ba0a96d01ffa2cd45eb1d1d8dd5c5\windows-amd64;C:\Users\noura\.gradle\native\5664cfc778a61ccfe75a443a1ab52a65af34e5dc3c78e0209fed803814484fcb\windows-amd64

VM Arguments:
jvm_args: --add-opens=java.base/java.util=ALL-UNNAMED --add-opens=java.base/java.lang=ALL-UNNAMED --add-opens=java.base/java.lang.invoke=ALL-UNNAMED --add-opens=java.base/java.util=ALL-UNNAMED --add-opens=java.prefs/java.util.prefs=ALL-UNNAMED --add-opens=java.prefs/java.util.prefs=ALL-UNNAMED --add-opens=java.base/java.nio.charset=ALL-UNNAMED --add-opens=java.base/java.net=ALL-UNNAMED --add-opens=java.base/java.util.concurrent.atomic=ALL-UNNAMED -Xmx2048m -Dfile.encoding=UTF-8 -Duser.country=US -Duser.language=en -Duser.variant 
java_command: org.gradle.launcher.daemon.bootstrap.GradleDaemon 7.2
java_class_path (initial): C:\Users\noura\.gradle\wrapper\dists\gradle-7.2-bin\2dnblmf4td7x66yl1d74lt32g\gradle-7.2\lib\gradle-launcher-7.2.jar
Launcher Type: SUN_STANDARD

[Global flags]
     intx CICompilerCount                          = 3                                         {product} {ergonomic}
     uint ConcGCThreads                            = 1                                         {product} {ergonomic}
     uint G1ConcRefinementThreads                  = 4                                         {product} {ergonomic}
   size_t G1HeapRegionSize                         = 1048576                                   {product} {ergonomic}
    uintx GCDrainStackTargetSize                   = 64                                        {product} {ergonomic}
   size_t InitialHeapSize                          = 134217728                                 {product} {ergonomic}
   size_t MarkStackSize                            = 4194304                                   {product} {ergonomic}
   size_t MaxHeapSize                              = 2147483648                                {product} {command line}
   size_t MaxNewSize                               = 1287651328                                {product} {ergonomic}
   size_t MinHeapDeltaBytes                        = 1048576                                   {product} {ergonomic}
    uintx NonNMethodCodeHeapSize                   = 5830732                                {pd product} {ergonomic}
    uintx NonProfiledCodeHeapSize                  = 122913754                              {pd product} {ergonomic}
    uintx ProfiledCodeHeapSize                     = 122913754                              {pd product} {ergonomic}
    uintx ReservedCodeCacheSize                    = 251658240                              {pd product} {ergonomic}
     bool SegmentedCodeCache                       = true                                      {product} {ergonomic}
     bool UseCompressedClassPointers               = true                                 {lp64_product} {ergonomic}
     bool UseCompressedOops                        = true                                 {lp64_product} {ergonomic}
     bool UseG1GC                                  = true                                      {product} {ergonomic}
     bool UseLargePagesIndividualAllocation        = false                                  {pd product} {ergonomic}

Logging:
Log output configuration:
 #0: stdout all=warning uptime,level,tags
 #1: stderr all=off uptime,level,tags

Environment Variables:
JAVA_HOME=D:\Java\jdk-11.0.13
PATH=C:\Program Files\Common Files\Oracle\Java\javapath;D:\oraclexe\app\oracle\product\11.2.0\server\bin;D:\oraclexe\app\oracle\product\11.2.0\server\bin;D:\Python38\Scripts\;D:\Python38\;D:\Rockwell Software\RSCommon;C:\ProgramData\Oracle\Java\javapath;C:\WINDOWS\system32;C:\WINDOWS;C:\WINDOWS\System32\Wbem;C:\WINDOWS\System32\WindowsPowerShell\v1.0\;C:\WINDOWS\System32\OpenSSH\;D:\xampp\php;D:\composer;D:\Git\cmd;D:\Dart\dart-sdk\bin;C:\ProgramData\chocolatey\bin;C:\Program Files (x86)\Yarn\bin\;D:\Go\bin;D:\groovy-3.0.7\bin;D:\Python37\Scripts;D:\Python37;D:\nodejs\;D:\MATLAB\R2016a\runtime\win64;D:\MATLAB\R2016a\bin;D:\MATLAB\R2016a\polyspace\bin;D:\CodeBlocks\MinGW\bin;D:\Sdk\cmdline-tools\latest\bin;C:\Program Files\Docker\Docker\resources\bin;C:\ProgramData\DockerDesktop\version-bin;D:\Java\jdk-11.0.13\;D:\Ruby30-x64\bin;C:\Users\noura\AppData\Local\Microsoft\WindowsApps;D:\Microsoft VS Code\bin;C:\Users\noura\AppData\Roaming\Composer\vendor\bin;C:\Users\noura\AppData\Local\Yarn\bin;D:\Flutter\bin;D:\Sdk;D:\Go\bin;D:\GitHub CLI\;D:\groovy-3.0.7\bin;C:\Users\noura\AppData\Roaming\npm;D:\MATLAB\R2016a\bin;D:\Dart\dart-sdk\lib;
USERNAME=noura
OS=Windows_NT
PROCESSOR_IDENTIFIER=Intel64 Family 6 Model 142 Stepping 9, GenuineIntel



---------------  S Y S T E M  ---------------

OS: Windows 10 , 64 bit Build 19041 (10.0.19041.1566)
Hyper-V role detected

CPU:total 4 (initial active 4) (2 cores per cpu, 2 threads per core) family 6 model 142 stepping 9 microcode 0xb4, cmov, cx8, fxsr, mmx, sse, sse2, sse3, ssse3, sse4.1, sse4.2, popcnt, avx, avx2, aes, clmul, erms, 3dnowpref, lzcnt, ht, tsc, tscinvbit, bmi1, bmi2, adx, fma

Memory: 4k page, system-wide physical 8069M (1567M free)
TotalPageFile size 11141M (AvailPageFile size 3967M)
current process WorkingSet (physical memory assigned to process): 497M, peak: 505M
current process commit charge ("private bytes"): 531M, peak: 541M

vm_info: Java HotSpot(TM) 64-Bit Server VM (11.0.13+10-LTS-370) for windows-amd64 JRE (11.0.13+10-LTS-370), built on Sep 15 2021 22:10:36 by "mach5one" with MS VC++ 15.9 (VS2017)

END.
